<?xml version="1.0" encoding="UTF-8"?>
<!-- Generated by org.testng.reporters.JUnitXMLReporter -->
<testsuite ignored="0" hostname="SUSHMA" failures="0" tests="6" name="Default test" time="3.926" errors="0" timestamp="2023-05-30T12:57:18 EDT">
  <testcase classname="api.test.DataDrivenTests" name="testPostUser" time="2.067"/>
  <testcase classname="api.test.DataDrivenTests" name="testPostUser" time="0.156"/>
  <testcase classname="api.test.DataDrivenTests" name="testPostUser" time="0.146"/>
  <testcase classname="api.test.DataDrivenTests" name="testDeleteUserByName" time="0.171"/>
  <testcase classname="api.test.DataDrivenTests" name="testDeleteUserByName" time="0.142"/>
  <testcase classname="api.test.DataDrivenTests" name="testDeleteUserByName" time="0.158"/>
</testsuite> <!-- Default test -->
