<?xml version="1.0" encoding="UTF-8"?>
<testng-results ignored="0" total="4" passed="4" failed="0" skipped="0">
  <reporter-output>
  </reporter-output>
  <suite started-at="2023-05-31T21:14:48 EDT" name="PetSuite" finished-at="2023-05-31T21:14:51 EDT" duration-ms="2866">
    <groups>
    </groups>
    <test started-at="2023-05-31T21:14:48 EDT" name="PetTests" finished-at="2023-05-31T21:14:51 EDT" duration-ms="2866">
      <class name="api.test.UserTests2">
        <test-method is-config="true" signature="setupData()[pri:0, instance:api.test.UserTests2@3835c46]" started-at="2023-05-31T21:14:48 EDT" name="setupData" finished-at="2023-05-31T21:14:49 EDT" duration-ms="578" status="PASS">
          <reporter-output>
          </reporter-output>
        </test-method> <!-- setupData -->
        <test-method signature="testPOSTUser()[pri:1, instance:api.test.UserTests2@3835c46]" started-at="2023-05-31T21:14:49 EDT" name="testPOSTUser" finished-at="2023-05-31T21:14:50 EDT" duration-ms="1528" status="PASS">
          <reporter-output>
          </reporter-output>
        </test-method> <!-- testPOSTUser -->
        <test-method signature="testGETUser()[pri:2, instance:api.test.UserTests2@3835c46]" started-at="2023-05-31T21:14:50 EDT" name="testGETUser" finished-at="2023-05-31T21:14:50 EDT" duration-ms="162" status="PASS">
          <reporter-output>
          </reporter-output>
        </test-method> <!-- testGETUser -->
        <test-method signature="testUpdateUser()[pri:3, instance:api.test.UserTests2@3835c46]" started-at="2023-05-31T21:14:50 EDT" name="testUpdateUser" finished-at="2023-05-31T21:14:51 EDT" duration-ms="259" status="PASS">
          <reporter-output>
          </reporter-output>
        </test-method> <!-- testUpdateUser -->
        <test-method signature="testDeleteUser()[pri:4, instance:api.test.UserTests2@3835c46]" started-at="2023-05-31T21:14:51 EDT" name="testDeleteUser" finished-at="2023-05-31T21:14:51 EDT" duration-ms="165" status="PASS">
          <reporter-output>
          </reporter-output>
        </test-method> <!-- testDeleteUser -->
      </class> <!-- api.test.UserTests2 -->
    </test> <!-- PetTests -->
  </suite> <!-- PetSuite -->
</testng-results>
