<?xml version="1.0" encoding="UTF-8"?>
<testng-results ignored="0" total="4" passed="4" failed="0" skipped="0">
  <reporter-output>
  </reporter-output>
  <suite started-at="2023-05-31T06:48:15 EDT" name="PetSuite" finished-at="2023-05-31T06:48:19 EDT" duration-ms="3809">
    <groups>
    </groups>
    <test started-at="2023-05-31T06:48:15 EDT" name="PetTests" finished-at="2023-05-31T06:48:19 EDT" duration-ms="3809">
      <class name="api.test.UserTests2">
        <test-method is-config="true" signature="setupData()[pri:0, instance:api.test.UserTests2@10e31a9a]" started-at="2023-05-31T06:48:15 EDT" name="setupData" finished-at="2023-05-31T06:48:16 EDT" duration-ms="695" status="PASS">
          <reporter-output>
          </reporter-output>
        </test-method> <!-- setupData -->
        <test-method signature="testPOSTUser()[pri:1, instance:api.test.UserTests2@10e31a9a]" started-at="2023-05-31T06:48:16 EDT" name="testPOSTUser" finished-at="2023-05-31T06:48:18 EDT" duration-ms="2092" status="PASS">
          <reporter-output>
          </reporter-output>
        </test-method> <!-- testPOSTUser -->
        <test-method signature="testGETUser()[pri:2, instance:api.test.UserTests2@10e31a9a]" started-at="2023-05-31T06:48:18 EDT" name="testGETUser" finished-at="2023-05-31T06:48:18 EDT" duration-ms="160" status="PASS">
          <reporter-output>
          </reporter-output>
        </test-method> <!-- testGETUser -->
        <test-method signature="testUpdateUser()[pri:3, instance:api.test.UserTests2@10e31a9a]" started-at="2023-05-31T06:48:18 EDT" name="testUpdateUser" finished-at="2023-05-31T06:48:18 EDT" duration-ms="324" status="PASS">
          <reporter-output>
          </reporter-output>
        </test-method> <!-- testUpdateUser -->
        <test-method signature="testDeleteUser()[pri:4, instance:api.test.UserTests2@10e31a9a]" started-at="2023-05-31T06:48:18 EDT" name="testDeleteUser" finished-at="2023-05-31T06:48:19 EDT" duration-ms="276" status="PASS">
          <reporter-output>
          </reporter-output>
        </test-method> <!-- testDeleteUser -->
      </class> <!-- api.test.UserTests2 -->
    </test> <!-- PetTests -->
  </suite> <!-- PetSuite -->
</testng-results>
