<?xml version="1.0" encoding="UTF-8"?>
<!-- Generated by org.testng.reporters.JUnitXMLReporter -->
<testsuite ignored="0" hostname="SUSHMA" failures="0" tests="4" name="PetTests" time="2.866" errors="0" timestamp="2023-05-31T21:14:51 EDT">
  <testcase classname="api.test.UserTests2" name="testPOSTUser" time="1.528"/>
  <testcase classname="api.test.UserTests2" name="testGETUser" time="0.162"/>
  <testcase classname="api.test.UserTests2" name="testUpdateUser" time="0.259"/>
  <testcase classname="api.test.UserTests2" name="testDeleteUser" time="0.165"/>
</testsuite> <!-- PetTests -->
