<?xml version="1.0" encoding="UTF-8"?>
<!-- Generated by org.testng.reporters.JUnitXMLReporter -->
<testsuite ignored="0" hostname="SUSHMA" failures="0" tests="4" name="PetTests" time="3.809" errors="0" timestamp="2023-05-31T06:48:19 EDT">
  <testcase classname="api.test.UserTests2" name="testPOSTUser" time="2.092"/>
  <testcase classname="api.test.UserTests2" name="testGETUser" time="0.16"/>
  <testcase classname="api.test.UserTests2" name="testUpdateUser" time="0.324"/>
  <testcase classname="api.test.UserTests2" name="testDeleteUser" time="0.276"/>
</testsuite> <!-- PetTests -->
